<?xml version="1.0" encoding="UTF-8"?>
<!-- Generated by org.testng.reporters.JUnitReportReporter -->
<testsuite hostname="Lance" name="com.biz.jnc.testcase.login.Login" tests="1" failures="0" timestamp="15 Dec 2015 02:09:58 GMT" time="0.306" errors="0">
  <testcase name="loginTest" time="0.306" classname="com.biz.jnc.testcase.login.Login"/>
</testsuite> <!-- com.biz.jnc.testcase.login.Login -->
