<?xml version="1.0" encoding="UTF-8"?>
<!-- Generated by org.testng.reporters.JUnitReportReporter -->
<testsuite hostname="Lance" name="com.biz.wltq.testcase.home.HomePage_001_Login_TopCheck_Test" tests="1" failures="0" timestamp="20 Apr 2016 06:43:04 GMT" time="4.214" errors="0">
  <testcase name="topCheck" time="4.214" classname="com.biz.wltq.testcase.home.HomePage_001_Login_TopCheck_Test"/>
</testsuite> <!-- com.biz.wltq.testcase.home.HomePage_001_Login_TopCheck_Test -->
