<?xml version="1.0" encoding="UTF-8"?>
<!-- Generated by org.testng.reporters.JUnitReportReporter -->
<testsuite hostname="Lance" name="com.biz.jnc.jnc_web.LoginDemo" tests="1" failures="0" timestamp="18 Nov 2015 01:46:18 GMT" time="29.978" errors="0">
  <testcase name="login" time="29.978" classname="com.biz.jnc.jnc_web.LoginDemo"/>
</testsuite> <!-- com.biz.jnc.jnc_web.LoginDemo -->
