<?xml version="1.0" encoding="UTF-8"?>
<!-- Generated by org.testng.reporters.JUnitReportReporter -->
<testsuite hostname="Lance" name="com.biz.jnc.testcase.login.LoginPage_002_Login_Success_Test" tests="1" failures="0" timestamp="16 Dec 2015 09:10:41 GMT" time="1.467" errors="0">
  <testcase name="loginSuccessTest" time="1.467" classname="com.biz.jnc.testcase.login.LoginPage_002_Login_Success_Test"/>
</testsuite> <!-- com.biz.jnc.testcase.login.LoginPage_002_Login_Success_Test -->
