<?xml version="1.0" encoding="UTF-8"?>
<!-- Generated by org.testng.reporters.JUnitReportReporter -->
<testsuite hostname="Lance" name="com.biz.wltq.testcase.login.LoginPage_002_Login_Success_Test" tests="1" failures="0" timestamp="22 Apr 2016 08:08:56 GMT" time="3.254" errors="0">
  <testcase name="loginSuccessTest" time="3.254" classname="com.biz.wltq.testcase.login.LoginPage_002_Login_Success_Test"/>
</testsuite> <!-- com.biz.wltq.testcase.login.LoginPage_002_Login_Success_Test -->
