<?xml version="1.0" encoding="UTF-8"?>
<!-- Generated by org.testng.reporters.JUnitReportReporter -->
<testsuite hostname="Lance" name="com.biz.wltq.testcase.login.LoginPage_001_UI_Test" tests="1" failures="0" timestamp="22 Apr 2016 08:08:56 GMT" time="0.942" errors="0">
  <testcase name="loginTest" time="0.942" classname="com.biz.wltq.testcase.login.LoginPage_001_UI_Test"/>
</testsuite> <!-- com.biz.wltq.testcase.login.LoginPage_001_UI_Test -->
